<?xml version="1.0" encoding="UTF-8"?>
<!-- Generated by org.testng.reporters.JUnitReportReporter -->
<testsuite hostname="LAPTOP-FAREL36J" failures="0" tests="1" name="myacademy.ExtentReports.ExtentReportDemo" time="7.797" errors="0" timestamp="2021-11-28T15:35:36 IST" skipped="0">
  <testcase classname="myacademy.ExtentReports.ExtentReportDemo" name="initialDemo" time="7.797"/>
  <system-out/>
</testsuite> <!-- myacademy.ExtentReports.ExtentReportDemo -->
